{"/Users/roberthurst/Developer/Companies/Battlefy/JavaScript/Libraries/Viceroy-Query/index.js":{"path":"/Users/roberthurst/Developer/Companies/Battlefy/JavaScript/Libraries/Viceroy-Query/index.js","s":{"1":1,"2":1,"3":52,"4":1},"b":{},"f":{"1":52},"fnMap":{"1":{"name":"(anonymous_1)","line":2,"loc":{"start":{"line":2,"column":27},"end":{"line":2,"column":43}}}},"statementMap":{"1":{"start":{"line":1,"column":0},"end":{"line":1,"column":35}},"2":{"start":{"line":2,"column":0},"end":{"line":4,"column":2}},"3":{"start":{"line":3,"column":2},"end":{"line":3,"column":26}},"4":{"start":{"line":5,"column":0},"end":{"line":5,"column":22}}},"branchMap":{}},"/Users/roberthurst/Developer/Companies/Battlefy/JavaScript/Libraries/Viceroy-Query/lib/query.js":{"path":"/Users/roberthurst/Developer/Companies/Battlefy/JavaScript/Libraries/Viceroy-Query/lib/query.js","s":{"1":1,"2":52,"3":4,"4":48,"5":35,"6":35,"7":1,"8":13,"9":5,"10":8,"11":8,"12":8,"13":28,"14":1,"15":27,"16":21,"17":1,"18":20,"19":12,"20":12,"21":7,"22":8,"23":8,"24":1,"25":136,"26":4,"27":132,"28":143,"29":142,"30":1,"31":141,"32":94,"33":9,"34":6,"35":85,"36":85,"37":85,"38":69,"39":70,"40":1,"41":68,"42":2,"43":66,"44":13,"45":53,"46":13,"47":40,"48":1,"49":39,"50":8,"51":31,"52":2,"53":16,"54":5,"55":11,"56":7,"57":47,"58":19,"59":65,"60":1,"61":48,"62":48,"63":7,"64":3,"65":4,"66":4,"67":45,"68":7,"69":3,"70":4,"71":4,"72":42,"73":14,"74":4,"75":10,"76":11,"77":3,"78":7,"79":7,"80":35,"81":1,"82":12,"83":12,"84":12,"85":12,"86":12,"87":12,"88":14,"89":14,"90":9,"91":7,"92":9,"93":2,"94":2,"95":2,"96":2,"97":7,"98":5,"99":12,"100":1},"b":{"1":[4,48],"2":[52,51],"3":[5,8],"4":[13,12,9],"5":[1,27],"6":[28,2],"7":[21,6],"8":[1,20],"9":[21,4],"10":[12,8],"11":[7,5],"12":[4,132],"13":[136,135],"14":[1,141],"15":[94,47],"16":[141,141],"17":[9,85],"18":[6,3],"19":[69,16],"20":[1,69],"21":[2,66],"22":[68,8],"23":[13,53],"24":[66,16,13],"25":[13,40],"26":[53,15,10],"27":[1,39],"28":[40,9],"29":[8,31],"30":[39,10],"31":[2,29],"32":[31,10],"33":[5,11],"34":[16,14],"35":[7,4],"36":[19,28],"37":[7,41],"38":[3,4],"39":[7,38],"40":[3,4],"41":[14,28],"42":[4,10],"43":[14,13,12,11],"44":[3,8],"45":[9,5],"46":[7,2],"47":[2,7],"48":[2,0]},"f":{"1":52,"2":13,"3":136,"4":143,"5":48,"6":12},"fnMap":{"1":{"name":"Query","line":3,"loc":{"start":{"line":3,"column":0},"end":{"line":3,"column":22}}},"2":{"name":"(anonymous_2)","line":16,"loc":{"start":{"line":16,"column":25},"end":{"line":16,"column":43}}},"3":{"name":"(anonymous_3)","line":57,"loc":{"start":{"line":57,"column":24},"end":{"line":57,"column":39}}},"4":{"name":"rec","line":63,"loc":{"start":{"line":63,"column":10},"end":{"line":63,"column":36}}},"5":{"name":"(anonymous_5)","line":114,"loc":{"start":{"line":114,"column":31},"end":{"line":114,"column":47}}},"6":{"name":"(anonymous_6)","line":148,"loc":{"start":{"line":148,"column":33},"end":{"line":148,"column":56}}}},"statementMap":{"1":{"start":{"line":3,"column":0},"end":{"line":14,"column":1}},"2":{"start":{"line":6,"column":2},"end":{"line":6,"column":96}},"3":{"start":{"line":6,"column":51},"end":{"line":6,"column":94}},"4":{"start":{"line":9,"column":2},"end":{"line":9,"column":38}},"5":{"start":{"line":12,"column":2},"end":{"line":12,"column":19}},"6":{"start":{"line":13,"column":2},"end":{"line":13,"column":21}},"7":{"start":{"line":16,"column":0},"end":{"line":55,"column":2}},"8":{"start":{"line":19,"column":2},"end":{"line":21,"column":3}},"9":{"start":{"line":20,"column":4},"end":{"line":20,"column":66}},"10":{"start":{"line":24,"column":2},"end":{"line":24,"column":19}},"11":{"start":{"line":25,"column":2},"end":{"line":25,"column":32}},"12":{"start":{"line":26,"column":2},"end":{"line":51,"column":3}},"13":{"start":{"line":30,"column":4},"end":{"line":32,"column":5}},"14":{"start":{"line":31,"column":6},"end":{"line":31,"column":12}},"15":{"start":{"line":36,"column":4},"end":{"line":50,"column":5}},"16":{"start":{"line":39,"column":6},"end":{"line":49,"column":7}},"17":{"start":{"line":39,"column":47},"end":{"line":39,"column":59}},"18":{"start":{"line":43,"column":8},"end":{"line":48,"column":9}},"19":{"start":{"line":44,"column":10},"end":{"line":44,"column":72}},"20":{"start":{"line":45,"column":10},"end":{"line":45,"column":44}},"21":{"start":{"line":45,"column":22},"end":{"line":45,"column":42}},"22":{"start":{"line":47,"column":10},"end":{"line":47,"column":35}},"23":{"start":{"line":54,"column":2},"end":{"line":54,"column":17}},"24":{"start":{"line":57,"column":0},"end":{"line":112,"column":2}},"25":{"start":{"line":60,"column":2},"end":{"line":60,"column":93}},"26":{"start":{"line":60,"column":49},"end":{"line":60,"column":91}},"27":{"start":{"line":63,"column":2},"end":{"line":111,"column":23}},"28":{"start":{"line":64,"column":4},"end":{"line":109,"column":5}},"29":{"start":{"line":67,"column":6},"end":{"line":67,"column":109}},"30":{"start":{"line":67,"column":34},"end":{"line":67,"column":107}},"31":{"start":{"line":70,"column":6},"end":{"line":108,"column":7}},"32":{"start":{"line":73,"column":8},"end":{"line":102,"column":9}},"33":{"start":{"line":74,"column":10},"end":{"line":74,"column":61}},"34":{"start":{"line":74,"column":46},"end":{"line":74,"column":59}},"35":{"start":{"line":78,"column":10},"end":{"line":78,"column":52}},"36":{"start":{"line":78,"column":44},"end":{"line":78,"column":50}},"37":{"start":{"line":81,"column":10},"end":{"line":101,"column":11}},"38":{"start":{"line":84,"column":12},"end":{"line":86,"column":13}},"39":{"start":{"line":85,"column":14},"end":{"line":85,"column":127}},"40":{"start":{"line":85,"column":45},"end":{"line":85,"column":125}},"41":{"start":{"line":89,"column":12},"end":{"line":89,"column":81}},"42":{"start":{"line":89,"column":66},"end":{"line":89,"column":79}},"43":{"start":{"line":90,"column":12},"end":{"line":90,"column":131}},"44":{"start":{"line":90,"column":116},"end":{"line":90,"column":129}},"45":{"start":{"line":91,"column":12},"end":{"line":91,"column":131}},"46":{"start":{"line":91,"column":116},"end":{"line":91,"column":129}},"47":{"start":{"line":92,"column":12},"end":{"line":92,"column":85}},"48":{"start":{"line":92,"column":70},"end":{"line":92,"column":83}},"49":{"start":{"line":93,"column":12},"end":{"line":93,"column":94}},"50":{"start":{"line":93,"column":79},"end":{"line":93,"column":92}},"51":{"start":{"line":94,"column":12},"end":{"line":94,"column":100}},"52":{"start":{"line":94,"column":85},"end":{"line":94,"column":98}},"53":{"start":{"line":99,"column":12},"end":{"line":99,"column":78}},"54":{"start":{"line":99,"column":63},"end":{"line":99,"column":76}},"55":{"start":{"line":100,"column":12},"end":{"line":100,"column":63}},"56":{"start":{"line":100,"column":48},"end":{"line":100,"column":61}},"57":{"start":{"line":107,"column":8},"end":{"line":107,"column":56}},"58":{"start":{"line":107,"column":41},"end":{"line":107,"column":54}},"59":{"start":{"line":110,"column":4},"end":{"line":110,"column":16}},"60":{"start":{"line":114,"column":0},"end":{"line":145,"column":2}},"61":{"start":{"line":115,"column":2},"end":{"line":115,"column":16}},"62":{"start":{"line":118,"column":2},"end":{"line":122,"column":3}},"63":{"start":{"line":119,"column":4},"end":{"line":119,"column":93}},"64":{"start":{"line":119,"column":42},"end":{"line":119,"column":91}},"65":{"start":{"line":120,"column":4},"end":{"line":120,"column":30}},"66":{"start":{"line":121,"column":4},"end":{"line":121,"column":24}},"67":{"start":{"line":123,"column":2},"end":{"line":127,"column":3}},"68":{"start":{"line":124,"column":4},"end":{"line":124,"column":95}},"69":{"start":{"line":124,"column":43},"end":{"line":124,"column":93}},"70":{"start":{"line":125,"column":4},"end":{"line":125,"column":32}},"71":{"start":{"line":126,"column":4},"end":{"line":126,"column":25}},"72":{"start":{"line":128,"column":2},"end":{"line":142,"column":3}},"73":{"start":{"line":129,"column":4},"end":{"line":136,"column":5}},"74":{"start":{"line":135,"column":6},"end":{"line":135,"column":85}},"75":{"start":{"line":137,"column":4},"end":{"line":139,"column":5}},"76":{"start":{"line":138,"column":6},"end":{"line":138,"column":109}},"77":{"start":{"line":138,"column":48},"end":{"line":138,"column":107}},"78":{"start":{"line":140,"column":4},"end":{"line":140,"column":32}},"79":{"start":{"line":141,"column":4},"end":{"line":141,"column":25}},"80":{"start":{"line":144,"column":2},"end":{"line":144,"column":14}},"81":{"start":{"line":148,"column":0},"end":{"line":169,"column":2}},"82":{"start":{"line":149,"column":2},"end":{"line":149,"column":21}},"83":{"start":{"line":150,"column":2},"end":{"line":167,"column":3}},"84":{"start":{"line":151,"column":4},"end":{"line":151,"column":42}},"85":{"start":{"line":152,"column":4},"end":{"line":152,"column":19}},"86":{"start":{"line":153,"column":4},"end":{"line":153,"column":12}},"87":{"start":{"line":154,"column":4},"end":{"line":166,"column":5}},"88":{"start":{"line":155,"column":6},"end":{"line":155,"column":36}},"89":{"start":{"line":156,"column":6},"end":{"line":165,"column":23}},"90":{"start":{"line":157,"column":8},"end":{"line":157,"column":44}},"91":{"start":{"line":157,"column":23},"end":{"line":157,"column":42}},"92":{"start":{"line":158,"column":8},"end":{"line":164,"column":9}},"93":{"start":{"line":159,"column":10},"end":{"line":159,"column":72}},"94":{"start":{"line":159,"column":50},"end":{"line":159,"column":70}},"95":{"start":{"line":160,"column":10},"end":{"line":160,"column":31}},"96":{"start":{"line":161,"column":10},"end":{"line":161,"column":31}},"97":{"start":{"line":163,"column":10},"end":{"line":163,"column":42}},"98":{"start":{"line":165,"column":15},"end":{"line":165,"column":21}},"99":{"start":{"line":168,"column":2},"end":{"line":168,"column":17}},"100":{"start":{"line":171,"column":0},"end":{"line":171,"column":23}}},"branchMap":{"1":{"line":6,"type":"if","locations":[{"start":{"line":6,"column":2},"end":{"line":6,"column":2}},{"start":{"line":6,"column":2},"end":{"line":6,"column":2}}]},"2":{"line":6,"type":"binary-expr","locations":[{"start":{"line":6,"column":5},"end":{"line":6,"column":19}},{"start":{"line":6,"column":23},"end":{"line":6,"column":47}}]},"3":{"line":19,"type":"if","locations":[{"start":{"line":19,"column":2},"end":{"line":19,"column":2}},{"start":{"line":19,"column":2},"end":{"line":19,"column":2}}]},"4":{"line":19,"type":"binary-expr","locations":[{"start":{"line":19,"column":5},"end":{"line":19,"column":21}},{"start":{"line":19,"column":25},"end":{"line":19,"column":51}},{"start":{"line":19,"column":55},"end":{"line":19,"column":88}}]},"5":{"line":30,"type":"if","locations":[{"start":{"line":30,"column":4},"end":{"line":30,"column":4}},{"start":{"line":30,"column":4},"end":{"line":30,"column":4}}]},"6":{"line":30,"type":"binary-expr","locations":[{"start":{"line":30,"column":7},"end":{"line":30,"column":36}},{"start":{"line":30,"column":41},"end":{"line":30,"column":74}}]},"7":{"line":36,"type":"if","locations":[{"start":{"line":36,"column":4},"end":{"line":36,"column":4}},{"start":{"line":36,"column":4},"end":{"line":36,"column":4}}]},"8":{"line":39,"type":"if","locations":[{"start":{"line":39,"column":6},"end":{"line":39,"column":6}},{"start":{"line":39,"column":6},"end":{"line":39,"column":6}}]},"9":{"line":39,"type":"binary-expr","locations":[{"start":{"line":39,"column":9},"end":{"line":39,"column":29}},{"start":{"line":39,"column":33},"end":{"line":39,"column":43}}]},"10":{"line":43,"type":"if","locations":[{"start":{"line":43,"column":8},"end":{"line":43,"column":8}},{"start":{"line":43,"column":8},"end":{"line":43,"column":8}}]},"11":{"line":45,"type":"if","locations":[{"start":{"line":45,"column":10},"end":{"line":45,"column":10}},{"start":{"line":45,"column":10},"end":{"line":45,"column":10}}]},"12":{"line":60,"type":"if","locations":[{"start":{"line":60,"column":2},"end":{"line":60,"column":2}},{"start":{"line":60,"column":2},"end":{"line":60,"column":2}}]},"13":{"line":60,"type":"binary-expr","locations":[{"start":{"line":60,"column":5},"end":{"line":60,"column":18}},{"start":{"line":60,"column":22},"end":{"line":60,"column":45}}]},"14":{"line":67,"type":"if","locations":[{"start":{"line":67,"column":6},"end":{"line":67,"column":6}},{"start":{"line":67,"column":6},"end":{"line":67,"column":6}}]},"15":{"line":70,"type":"if","locations":[{"start":{"line":70,"column":6},"end":{"line":70,"column":6}},{"start":{"line":70,"column":6},"end":{"line":70,"column":6}}]},"16":{"line":70,"type":"binary-expr","locations":[{"start":{"line":70,"column":9},"end":{"line":70,"column":29}},{"start":{"line":70,"column":33},"end":{"line":70,"column":63}}]},"17":{"line":73,"type":"if","locations":[{"start":{"line":73,"column":8},"end":{"line":73,"column":8}},{"start":{"line":73,"column":8},"end":{"line":73,"column":8}}]},"18":{"line":74,"type":"if","locations":[{"start":{"line":74,"column":10},"end":{"line":74,"column":10}},{"start":{"line":74,"column":10},"end":{"line":74,"column":10}}]},"19":{"line":81,"type":"if","locations":[{"start":{"line":81,"column":10},"end":{"line":81,"column":10}},{"start":{"line":81,"column":10},"end":{"line":81,"column":10}}]},"20":{"line":85,"type":"if","locations":[{"start":{"line":85,"column":14},"end":{"line":85,"column":14}},{"start":{"line":85,"column":14},"end":{"line":85,"column":14}}]},"21":{"line":89,"type":"if","locations":[{"start":{"line":89,"column":12},"end":{"line":89,"column":12}},{"start":{"line":89,"column":12},"end":{"line":89,"column":12}}]},"22":{"line":89,"type":"binary-expr","locations":[{"start":{"line":89,"column":15},"end":{"line":89,"column":34}},{"start":{"line":89,"column":38},"end":{"line":89,"column":62}}]},"23":{"line":90,"type":"if","locations":[{"start":{"line":90,"column":12},"end":{"line":90,"column":12}},{"start":{"line":90,"column":12},"end":{"line":90,"column":12}}]},"24":{"line":90,"type":"binary-expr","locations":[{"start":{"line":90,"column":15},"end":{"line":90,"column":30}},{"start":{"line":90,"column":35},"end":{"line":90,"column":64}},{"start":{"line":90,"column":68},"end":{"line":90,"column":111}}]},"25":{"line":91,"type":"if","locations":[{"start":{"line":91,"column":12},"end":{"line":91,"column":12}},{"start":{"line":91,"column":12},"end":{"line":91,"column":12}}]},"26":{"line":91,"type":"binary-expr","locations":[{"start":{"line":91,"column":15},"end":{"line":91,"column":30}},{"start":{"line":91,"column":35},"end":{"line":91,"column":64}},{"start":{"line":91,"column":68},"end":{"line":91,"column":111}}]},"27":{"line":92,"type":"if","locations":[{"start":{"line":92,"column":12},"end":{"line":92,"column":12}},{"start":{"line":92,"column":12},"end":{"line":92,"column":12}}]},"28":{"line":92,"type":"binary-expr","locations":[{"start":{"line":92,"column":15},"end":{"line":92,"column":31}},{"start":{"line":92,"column":35},"end":{"line":92,"column":66}}]},"29":{"line":93,"type":"if","locations":[{"start":{"line":93,"column":12},"end":{"line":93,"column":12}},{"start":{"line":93,"column":12},"end":{"line":93,"column":12}}]},"30":{"line":93,"type":"binary-expr","locations":[{"start":{"line":93,"column":15},"end":{"line":93,"column":30}},{"start":{"line":93,"column":34},"end":{"line":93,"column":75}}]},"31":{"line":94,"type":"if","locations":[{"start":{"line":94,"column":12},"end":{"line":94,"column":12}},{"start":{"line":94,"column":12},"end":{"line":94,"column":12}}]},"32":{"line":94,"type":"binary-expr","locations":[{"start":{"line":94,"column":15},"end":{"line":94,"column":33}},{"start":{"line":94,"column":37},"end":{"line":94,"column":81}}]},"33":{"line":99,"type":"if","locations":[{"start":{"line":99,"column":12},"end":{"line":99,"column":12}},{"start":{"line":99,"column":12},"end":{"line":99,"column":12}}]},"34":{"line":99,"type":"binary-expr","locations":[{"start":{"line":99,"column":15},"end":{"line":99,"column":26}},{"start":{"line":99,"column":30},"end":{"line":99,"column":59}}]},"35":{"line":100,"type":"if","locations":[{"start":{"line":100,"column":12},"end":{"line":100,"column":12}},{"start":{"line":100,"column":12},"end":{"line":100,"column":12}}]},"36":{"line":107,"type":"if","locations":[{"start":{"line":107,"column":8},"end":{"line":107,"column":8}},{"start":{"line":107,"column":8},"end":{"line":107,"column":8}}]},"37":{"line":118,"type":"if","locations":[{"start":{"line":118,"column":2},"end":{"line":118,"column":2}},{"start":{"line":118,"column":2},"end":{"line":118,"column":2}}]},"38":{"line":119,"type":"if","locations":[{"start":{"line":119,"column":4},"end":{"line":119,"column":4}},{"start":{"line":119,"column":4},"end":{"line":119,"column":4}}]},"39":{"line":123,"type":"if","locations":[{"start":{"line":123,"column":2},"end":{"line":123,"column":2}},{"start":{"line":123,"column":2},"end":{"line":123,"column":2}}]},"40":{"line":124,"type":"if","locations":[{"start":{"line":124,"column":4},"end":{"line":124,"column":4}},{"start":{"line":124,"column":4},"end":{"line":124,"column":4}}]},"41":{"line":128,"type":"if","locations":[{"start":{"line":128,"column":2},"end":{"line":128,"column":2}},{"start":{"line":128,"column":2},"end":{"line":128,"column":2}}]},"42":{"line":129,"type":"if","locations":[{"start":{"line":129,"column":4},"end":{"line":129,"column":4}},{"start":{"line":129,"column":4},"end":{"line":129,"column":4}}]},"43":{"line":130,"type":"binary-expr","locations":[{"start":{"line":130,"column":6},"end":{"line":130,"column":28}},{"start":{"line":131,"column":6},"end":{"line":131,"column":38}},{"start":{"line":132,"column":6},"end":{"line":132,"column":40}},{"start":{"line":133,"column":6},"end":{"line":133,"column":30}}]},"44":{"line":138,"type":"if","locations":[{"start":{"line":138,"column":6},"end":{"line":138,"column":6}},{"start":{"line":138,"column":6},"end":{"line":138,"column":6}}]},"45":{"line":156,"type":"if","locations":[{"start":{"line":156,"column":6},"end":{"line":156,"column":6}},{"start":{"line":156,"column":6},"end":{"line":156,"column":6}}]},"46":{"line":157,"type":"if","locations":[{"start":{"line":157,"column":8},"end":{"line":157,"column":8}},{"start":{"line":157,"column":8},"end":{"line":157,"column":8}}]},"47":{"line":158,"type":"if","locations":[{"start":{"line":158,"column":8},"end":{"line":158,"column":8}},{"start":{"line":158,"column":8},"end":{"line":158,"column":8}}]},"48":{"line":159,"type":"if","locations":[{"start":{"line":159,"column":10},"end":{"line":159,"column":10}},{"start":{"line":159,"column":10},"end":{"line":159,"column":10}}]}}}}