TN:
SF:/Users/roberthurst/Developer/Companies/Battlefy/JavaScript/Libraries/Viceroy-Query/index.js
FN:2,(anonymous_1)
FNF:1
FNH:1
FNDA:52,(anonymous_1)
DA:1,1
DA:2,1
DA:3,52
DA:5,1
LF:4
LH:4
BRF:0
BRH:0
end_of_record
TN:
SF:/Users/roberthurst/Developer/Companies/Battlefy/JavaScript/Libraries/Viceroy-Query/lib/query.js
FN:3,Query
FN:16,(anonymous_2)
FN:57,(anonymous_3)
FN:63,rec
FN:114,(anonymous_5)
FN:148,(anonymous_6)
FNF:6
FNH:6
FNDA:52,Query
FNDA:13,(anonymous_2)
FNDA:136,(anonymous_3)
FNDA:143,rec
FNDA:48,(anonymous_5)
FNDA:12,(anonymous_6)
DA:3,1
DA:6,52
DA:9,48
DA:12,35
DA:13,35
DA:16,1
DA:19,13
DA:20,5
DA:24,8
DA:25,8
DA:26,8
DA:30,28
DA:31,1
DA:36,27
DA:39,21
DA:43,20
DA:44,12
DA:45,12
DA:47,8
DA:54,8
DA:57,1
DA:60,136
DA:63,132
DA:64,143
DA:67,142
DA:70,141
DA:73,94
DA:74,9
DA:78,85
DA:81,85
DA:84,69
DA:85,70
DA:89,68
DA:90,66
DA:91,53
DA:92,40
DA:93,39
DA:94,31
DA:99,16
DA:100,11
DA:107,47
DA:110,65
DA:114,1
DA:115,48
DA:118,48
DA:119,7
DA:120,4
DA:121,4
DA:123,45
DA:124,7
DA:125,4
DA:126,4
DA:128,42
DA:129,14
DA:135,4
DA:137,10
DA:138,11
DA:140,7
DA:141,7
DA:144,35
DA:148,1
DA:149,12
DA:150,12
DA:151,12
DA:152,12
DA:153,12
DA:154,12
DA:155,14
DA:156,14
DA:157,9
DA:158,9
DA:159,2
DA:160,2
DA:161,2
DA:163,7
DA:165,5
DA:168,12
DA:171,1
LF:78
LH:78
BRDA:6,1,0,4
BRDA:6,1,1,48
BRDA:6,2,0,52
BRDA:6,2,1,51
BRDA:19,3,0,5
BRDA:19,3,1,8
BRDA:19,4,0,13
BRDA:19,4,1,12
BRDA:19,4,2,9
BRDA:30,5,0,1
BRDA:30,5,1,27
BRDA:30,6,0,28
BRDA:30,6,1,2
BRDA:36,7,0,21
BRDA:36,7,1,6
BRDA:39,8,0,1
BRDA:39,8,1,20
BRDA:39,9,0,21
BRDA:39,9,1,4
BRDA:43,10,0,12
BRDA:43,10,1,8
BRDA:45,11,0,7
BRDA:45,11,1,5
BRDA:60,12,0,4
BRDA:60,12,1,132
BRDA:60,13,0,136
BRDA:60,13,1,135
BRDA:67,14,0,1
BRDA:67,14,1,141
BRDA:70,15,0,94
BRDA:70,15,1,47
BRDA:70,16,0,141
BRDA:70,16,1,141
BRDA:73,17,0,9
BRDA:73,17,1,85
BRDA:74,18,0,6
BRDA:74,18,1,3
BRDA:81,19,0,69
BRDA:81,19,1,16
BRDA:85,20,0,1
BRDA:85,20,1,69
BRDA:89,21,0,2
BRDA:89,21,1,66
BRDA:89,22,0,68
BRDA:89,22,1,8
BRDA:90,23,0,13
BRDA:90,23,1,53
BRDA:90,24,0,66
BRDA:90,24,1,16
BRDA:90,24,2,13
BRDA:91,25,0,13
BRDA:91,25,1,40
BRDA:91,26,0,53
BRDA:91,26,1,15
BRDA:91,26,2,10
BRDA:92,27,0,1
BRDA:92,27,1,39
BRDA:92,28,0,40
BRDA:92,28,1,9
BRDA:93,29,0,8
BRDA:93,29,1,31
BRDA:93,30,0,39
BRDA:93,30,1,10
BRDA:94,31,0,2
BRDA:94,31,1,29
BRDA:94,32,0,31
BRDA:94,32,1,10
BRDA:99,33,0,5
BRDA:99,33,1,11
BRDA:99,34,0,16
BRDA:99,34,1,14
BRDA:100,35,0,7
BRDA:100,35,1,4
BRDA:107,36,0,19
BRDA:107,36,1,28
BRDA:118,37,0,7
BRDA:118,37,1,41
BRDA:119,38,0,3
BRDA:119,38,1,4
BRDA:123,39,0,7
BRDA:123,39,1,38
BRDA:124,40,0,3
BRDA:124,40,1,4
BRDA:128,41,0,14
BRDA:128,41,1,28
BRDA:129,42,0,4
BRDA:129,42,1,10
BRDA:130,43,0,14
BRDA:130,43,1,13
BRDA:130,43,2,12
BRDA:130,43,3,11
BRDA:138,44,0,3
BRDA:138,44,1,8
BRDA:156,45,0,9
BRDA:156,45,1,5
BRDA:157,46,0,7
BRDA:157,46,1,2
BRDA:158,47,0,2
BRDA:158,47,1,7
BRDA:159,48,0,2
BRDA:159,48,1,0
BRF:101
BRH:100
end_of_record
